

Started GET "/open_mats" for 127.0.0.1 at 2016-04-19 12:03:01 -0700

ActiveRecord::PendingMigrationError (

Migrations are pending. To resolve this issue, run:

	bin/rake db:migrate RAILS_ENV=development

):
  activerecord (4.1.9) lib/active_record/migration.rb:389:in `check_pending!'
  activerecord (4.1.9) lib/active_record/migration.rb:377:in `call'
  actionpack (4.1.9) lib/action_dispatch/middleware/callbacks.rb:29:in `block in call'
  activesupport (4.1.9) lib/active_support/callbacks.rb:82:in `run_callbacks'
  actionpack (4.1.9) lib/action_dispatch/middleware/callbacks.rb:27:in `call'
  actionpack (4.1.9) lib/action_dispatch/middleware/reloader.rb:73:in `call'
  actionpack (4.1.9) lib/action_dispatch/middleware/remote_ip.rb:76:in `call'
  actionpack (4.1.9) lib/action_dispatch/middleware/debug_exceptions.rb:17:in `call'
  actionpack (4.1.9) lib/action_dispatch/middleware/show_exceptions.rb:30:in `call'
  railties (4.1.9) lib/rails/rack/logger.rb:38:in `call_app'
  railties (4.1.9) lib/rails/rack/logger.rb:20:in `block in call'
  activesupport (4.1.9) lib/active_support/tagged_logging.rb:68:in `block in tagged'
  activesupport (4.1.9) lib/active_support/tagged_logging.rb:26:in `tagged'
  activesupport (4.1.9) lib/active_support/tagged_logging.rb:68:in `tagged'
  railties (4.1.9) lib/rails/rack/logger.rb:20:in `call'
  actionpack (4.1.9) lib/action_dispatch/middleware/request_id.rb:21:in `call'
  rack (1.5.5) lib/rack/methodoverride.rb:21:in `call'
  rack (1.5.5) lib/rack/runtime.rb:17:in `call'
  activesupport (4.1.9) lib/active_support/cache/strategy/local_cache_middleware.rb:26:in `call'
  rack (1.5.5) lib/rack/lock.rb:17:in `call'
  actionpack (4.1.9) lib/action_dispatch/middleware/static.rb:84:in `call'
  rack (1.5.5) lib/rack/sendfile.rb:112:in `call'
  railties (4.1.9) lib/rails/engine.rb:514:in `call'
  railties (4.1.9) lib/rails/application.rb:144:in `call'
  rack (1.5.5) lib/rack/lock.rb:17:in `call'
  rack (1.5.5) lib/rack/content_length.rb:14:in `call'
  rack (1.5.5) lib/rack/handler/webrick.rb:60:in `service'
  /Users/jarvis/.rvm/rubies/ruby-2.0.0-p643/lib/ruby/2.0.0/webrick/httpserver.rb:138:in `service'
  /Users/jarvis/.rvm/rubies/ruby-2.0.0-p643/lib/ruby/2.0.0/webrick/httpserver.rb:94:in `run'
  /Users/jarvis/.rvm/rubies/ruby-2.0.0-p643/lib/ruby/2.0.0/webrick/server.rb:295:in `block in start_thread'


  Rendered /Users/jarvis/.rvm/gems/ruby-2.0.0-p643/gems/actionpack-4.1.9/lib/action_dispatch/middleware/templates/rescues/_source.erb (0.8ms)
  Rendered /Users/jarvis/.rvm/gems/ruby-2.0.0-p643/gems/actionpack-4.1.9/lib/action_dispatch/middleware/templates/rescues/_trace.html.erb (1.5ms)
  Rendered /Users/jarvis/.rvm/gems/ruby-2.0.0-p643/gems/actionpack-4.1.9/lib/action_dispatch/middleware/templates/rescues/_request_and_response.html.erb (1.5ms)
  Rendered /Users/jarvis/.rvm/gems/ruby-2.0.0-p643/gems/actionpack-4.1.9/lib/action_dispatch/middleware/templates/rescues/diagnostics.erb within rescues/layout (60.6ms)


Started GET "/" for 127.0.0.1 at 2016-04-19 12:03:03 -0700

ActiveRecord::PendingMigrationError (

Migrations are pending. To resolve this issue, run:

	bin/rake db:migrate RAILS_ENV=development

):
  activerecord (4.1.9) lib/active_record/migration.rb:389:in `check_pending!'
  activerecord (4.1.9) lib/active_record/migration.rb:377:in `call'
  actionpack (4.1.9) lib/action_dispatch/middleware/callbacks.rb:29:in `block in call'
  activesupport (4.1.9) lib/active_support/callbacks.rb:82:in `run_callbacks'
  actionpack (4.1.9) lib/action_dispatch/middleware/callbacks.rb:27:in `call'
  actionpack (4.1.9) lib/action_dispatch/middleware/reloader.rb:73:in `call'
  actionpack (4.1.9) lib/action_dispatch/middleware/remote_ip.rb:76:in `call'
  actionpack (4.1.9) lib/action_dispatch/middleware/debug_exceptions.rb:17:in `call'
  actionpack (4.1.9) lib/action_dispatch/middleware/show_exceptions.rb:30:in `call'
  railties (4.1.9) lib/rails/rack/logger.rb:38:in `call_app'
  railties (4.1.9) lib/rails/rack/logger.rb:20:in `block in call'
  activesupport (4.1.9) lib/active_support/tagged_logging.rb:68:in `block in tagged'
  activesupport (4.1.9) lib/active_support/tagged_logging.rb:26:in `tagged'
  activesupport (4.1.9) lib/active_support/tagged_logging.rb:68:in `tagged'
  railties (4.1.9) lib/rails/rack/logger.rb:20:in `call'
  actionpack (4.1.9) lib/action_dispatch/middleware/request_id.rb:21:in `call'
  rack (1.5.5) lib/rack/methodoverride.rb:21:in `call'
  rack (1.5.5) lib/rack/runtime.rb:17:in `call'
  activesupport (4.1.9) lib/active_support/cache/strategy/local_cache_middleware.rb:26:in `call'
  rack (1.5.5) lib/rack/lock.rb:17:in `call'
  actionpack (4.1.9) lib/action_dispatch/middleware/static.rb:84:in `call'
  rack (1.5.5) lib/rack/sendfile.rb:112:in `call'
  railties (4.1.9) lib/rails/engine.rb:514:in `call'
  railties (4.1.9) lib/rails/application.rb:144:in `call'
  rack (1.5.5) lib/rack/lock.rb:17:in `call'
  rack (1.5.5) lib/rack/content_length.rb:14:in `call'
  rack (1.5.5) lib/rack/handler/webrick.rb:60:in `service'
  /Users/jarvis/.rvm/rubies/ruby-2.0.0-p643/lib/ruby/2.0.0/webrick/httpserver.rb:138:in `service'
  /Users/jarvis/.rvm/rubies/ruby-2.0.0-p643/lib/ruby/2.0.0/webrick/httpserver.rb:94:in `run'
  /Users/jarvis/.rvm/rubies/ruby-2.0.0-p643/lib/ruby/2.0.0/webrick/server.rb:295:in `block in start_thread'


  Rendered /Users/jarvis/.rvm/gems/ruby-2.0.0-p643/gems/actionpack-4.1.9/lib/action_dispatch/middleware/templates/rescues/_source.erb (0.9ms)
  Rendered /Users/jarvis/.rvm/gems/ruby-2.0.0-p643/gems/actionpack-4.1.9/lib/action_dispatch/middleware/templates/rescues/_trace.html.erb (1.6ms)
  Rendered /Users/jarvis/.rvm/gems/ruby-2.0.0-p643/gems/actionpack-4.1.9/lib/action_dispatch/middleware/templates/rescues/_request_and_response.html.erb (2.6ms)
  Rendered /Users/jarvis/.rvm/gems/ruby-2.0.0-p643/gems/actionpack-4.1.9/lib/action_dispatch/middleware/templates/rescues/diagnostics.erb within rescues/layout (52.4ms)


Started GET "/" for 127.0.0.1 at 2016-04-19 12:03:05 -0700

ActiveRecord::PendingMigrationError (

Migrations are pending. To resolve this issue, run:

	bin/rake db:migrate RAILS_ENV=development

):
  activerecord (4.1.9) lib/active_record/migration.rb:389:in `check_pending!'
  activerecord (4.1.9) lib/active_record/migration.rb:377:in `call'
  actionpack (4.1.9) lib/action_dispatch/middleware/callbacks.rb:29:in `block in call'
  activesupport (4.1.9) lib/active_support/callbacks.rb:82:in `run_callbacks'
  actionpack (4.1.9) lib/action_dispatch/middleware/callbacks.rb:27:in `call'
  actionpack (4.1.9) lib/action_dispatch/middleware/reloader.rb:73:in `call'
  actionpack (4.1.9) lib/action_dispatch/middleware/remote_ip.rb:76:in `call'
  actionpack (4.1.9) lib/action_dispatch/middleware/debug_exceptions.rb:17:in `call'
  actionpack (4.1.9) lib/action_dispatch/middleware/show_exceptions.rb:30:in `call'
  railties (4.1.9) lib/rails/rack/logger.rb:38:in `call_app'
  railties (4.1.9) lib/rails/rack/logger.rb:20:in `block in call'
  activesupport (4.1.9) lib/active_support/tagged_logging.rb:68:in `block in tagged'
  activesupport (4.1.9) lib/active_support/tagged_logging.rb:26:in `tagged'
  activesupport (4.1.9) lib/active_support/tagged_logging.rb:68:in `tagged'
  railties (4.1.9) lib/rails/rack/logger.rb:20:in `call'
  actionpack (4.1.9) lib/action_dispatch/middleware/request_id.rb:21:in `call'
  rack (1.5.5) lib/rack/methodoverride.rb:21:in `call'
  rack (1.5.5) lib/rack/runtime.rb:17:in `call'
  activesupport (4.1.9) lib/active_support/cache/strategy/local_cache_middleware.rb:26:in `call'
  rack (1.5.5) lib/rack/lock.rb:17:in `call'
  actionpack (4.1.9) lib/action_dispatch/middleware/static.rb:84:in `call'
  rack (1.5.5) lib/rack/sendfile.rb:112:in `call'
  railties (4.1.9) lib/rails/engine.rb:514:in `call'
  railties (4.1.9) lib/rails/application.rb:144:in `call'
  rack (1.5.5) lib/rack/lock.rb:17:in `call'
  rack (1.5.5) lib/rack/content_length.rb:14:in `call'
  rack (1.5.5) lib/rack/handler/webrick.rb:60:in `service'
  /Users/jarvis/.rvm/rubies/ruby-2.0.0-p643/lib/ruby/2.0.0/webrick/httpserver.rb:138:in `service'
  /Users/jarvis/.rvm/rubies/ruby-2.0.0-p643/lib/ruby/2.0.0/webrick/httpserver.rb:94:in `run'
  /Users/jarvis/.rvm/rubies/ruby-2.0.0-p643/lib/ruby/2.0.0/webrick/server.rb:295:in `block in start_thread'


  Rendered /Users/jarvis/.rvm/gems/ruby-2.0.0-p643/gems/actionpack-4.1.9/lib/action_dispatch/middleware/templates/rescues/_source.erb (0.9ms)
  Rendered /Users/jarvis/.rvm/gems/ruby-2.0.0-p643/gems/actionpack-4.1.9/lib/action_dispatch/middleware/templates/rescues/_trace.html.erb (1.5ms)
  Rendered /Users/jarvis/.rvm/gems/ruby-2.0.0-p643/gems/actionpack-4.1.9/lib/action_dispatch/middleware/templates/rescues/_request_and_response.html.erb (3.2ms)
  Rendered /Users/jarvis/.rvm/gems/ruby-2.0.0-p643/gems/actionpack-4.1.9/lib/action_dispatch/middleware/templates/rescues/diagnostics.erb within rescues/layout (32.3ms)
  [1m[36m (1.7ms)[0m  [1mCREATE TABLE "schema_migrations" ("version" varchar(255) NOT NULL) [0m
  [1m[35m (12.6ms)[0m  select sqlite_version(*)
  [1m[36m (1.9ms)[0m  [1mCREATE UNIQUE INDEX "unique_schema_migrations" ON "schema_migrations" ("version")[0m
  [1m[35mActiveRecord::SchemaMigration Load (0.2ms)[0m  SELECT "schema_migrations".* FROM "schema_migrations"
Migrating to CreateMovies (20121121163535)
  [1m[36m (0.1ms)[0m  [1mbegin transaction[0m
  [1m[35m (0.6ms)[0m  CREATE TABLE "movies" ("id" INTEGER PRIMARY KEY AUTOINCREMENT NOT NULL, "title" varchar(255), "rating" varchar(255), "total_gross" decimal, "created_at" datetime, "updated_at" datetime) 
  [1m[36mSQL (0.3ms)[0m  [1mINSERT INTO "schema_migrations" ("version") VALUES (?)[0m  [["version", "20121121163535"]]
  [1m[35m (2.7ms)[0m  commit transaction
Migrating to AddFieldsToMovies (20121121180707)
  [1m[36m (0.1ms)[0m  [1mbegin transaction[0m
  [1m[35m (29.7ms)[0m  ALTER TABLE "movies" ADD "description" text
  [1m[36m (0.3ms)[0m  [1mALTER TABLE "movies" ADD "released_on" date[0m
  [1m[35mSQL (0.2ms)[0m  INSERT INTO "schema_migrations" ("version") VALUES (?)  [["version", "20121121180707"]]
  [1m[36m (1.3ms)[0m  [1mcommit transaction[0m
Migrating to AddMoreFieldsToMovies (20121210234158)
  [1m[35m (0.1ms)[0m  begin transaction
  [1m[36m (0.6ms)[0m  [1mALTER TABLE "movies" ADD "cast" varchar(255)[0m
  [1m[35m (0.2ms)[0m  ALTER TABLE "movies" ADD "director" varchar(255)
  [1m[36m (0.2ms)[0m  [1mALTER TABLE "movies" ADD "duration" varchar(255)[0m
  [1m[35m (0.2ms)[0m  ALTER TABLE "movies" ADD "image_file_name" varchar(255)
  [1m[36mSQL (0.2ms)[0m  [1mINSERT INTO "schema_migrations" ("version") VALUES (?)[0m  [["version", "20121210234158"]]
  [1m[35m (2.1ms)[0m  commit transaction
  [1m[36mActiveRecord::SchemaMigration Load (0.1ms)[0m  [1mSELECT "schema_migrations".* FROM "schema_migrations"[0m
  [1m[36mActiveRecord::SchemaMigration Load (0.1ms)[0m  [1mSELECT "schema_migrations".* FROM "schema_migrations"[0m
  [1m[35m (0.1ms)[0m  begin transaction
  [1m[36mSQL (0.7ms)[0m  [1mINSERT INTO "movies" ("cast", "created_at", "description", "director", "duration", "image_file_name", "rating", "released_on", "title", "total_gross", "updated_at") VALUES (?, ?, ?, ?, ?, ?, ?, ?, ?, ?, ?)[0m  [["cast", "Robert Downey Jr., Gwyneth Paltrow and Terrence Howard"], ["created_at", "2016-04-19 19:03:49.324706"], ["description", "When wealthy industrialist Tony Stark is forced to build an armored suit after a life-threatening incident, he ultimately decides to use its technology to fight against evil."], ["director", "Jon Favreau"], ["duration", "126 min"], ["image_file_name", "ironman.jpg"], ["rating", "PG-13"], ["released_on", "2008-05-02"], ["title", "Iron Man"], ["total_gross", 318412101.0], ["updated_at", "2016-04-19 19:03:49.324706"]]
  [1m[35m (1.4ms)[0m  commit transaction
  [1m[36m (0.1ms)[0m  [1mbegin transaction[0m
  [1m[35mSQL (0.4ms)[0m  INSERT INTO "movies" ("cast", "created_at", "description", "director", "duration", "image_file_name", "rating", "released_on", "title", "total_gross", "updated_at") VALUES (?, ?, ?, ?, ?, ?, ?, ?, ?, ?, ?)  [["cast", "Christopher Reeve, Margot Kidder and Gene Hackman"], ["created_at", "2016-04-19 19:03:49.363842"], ["description", "An alien orphan is sent from his dying planet to Earth, where he grows up to become his adoptive home's first and greatest super-hero."], ["director", "Richard Donner"], ["duration", "143 min"], ["image_file_name", "superman.jpg"], ["rating", "PG"], ["released_on", "1978-12-15"], ["title", "Superman"], ["total_gross", 134218018.0], ["updated_at", "2016-04-19 19:03:49.363842"]]
  [1m[36m (1.6ms)[0m  [1mcommit transaction[0m
  [1m[35m (0.1ms)[0m  begin transaction
  [1m[36mSQL (0.4ms)[0m  [1mINSERT INTO "movies" ("cast", "created_at", "description", "director", "duration", "image_file_name", "rating", "released_on", "title", "total_gross", "updated_at") VALUES (?, ?, ?, ?, ?, ?, ?, ?, ?, ?, ?)[0m  [["cast", "Tobey Maguire, Kirsten Dunst and Willem Dafoe"], ["created_at", "2016-04-19 19:03:49.368330"], ["description", "When bitten by a genetically modified spider, a nerdy, shy, and awkward high school student gains spider-like abilities that he eventually must use to fight evil as a superhero after tragedy befalls his family."], ["director", "Sam Raimi"], ["duration", "121 min"], ["image_file_name", "spiderman.jpg"], ["rating", "PG-13"], ["released_on", "2002-05-03"], ["title", "Spider-Man"], ["total_gross", 403706375.0], ["updated_at", "2016-04-19 19:03:49.368330"]]
  [1m[35m (1.4ms)[0m  commit transaction
  [1m[36m (0.1ms)[0m  [1mbegin transaction[0m
  [1m[35mSQL (0.4ms)[0m  INSERT INTO "movies" ("cast", "created_at", "description", "director", "duration", "image_file_name", "rating", "released_on", "title", "total_gross", "updated_at") VALUES (?, ?, ?, ?, ?, ?, ?, ?, ?, ?, ?)  [["cast", "Michael Keaton, Jack Nicholson and Kim Basinger"], ["created_at", "2016-04-19 19:03:49.372177"], ["description", "The Dark Knight of Gotham City begins his war on crime with his first major enemy being the clownishly homicidal Joker."], ["director", "Tim Burton"], ["duration", "126 min"], ["image_file_name", "batman.jpg"], ["rating", "PG-13"], ["released_on", "1989-06-23"], ["title", "Batman"], ["total_gross", 251188924.0], ["updated_at", "2016-04-19 19:03:49.372177"]]
  [1m[36m (1.5ms)[0m  [1mcommit transaction[0m
  [1m[35m (0.2ms)[0m  begin transaction
  [1m[36mSQL (0.5ms)[0m  [1mINSERT INTO "movies" ("cast", "created_at", "description", "director", "duration", "image_file_name", "rating", "released_on", "title", "total_gross", "updated_at") VALUES (?, ?, ?, ?, ?, ?, ?, ?, ?, ?, ?)[0m  [["cast", "Halle Berry, Sharon Stone and Benjamin Bratt"], ["created_at", "2016-04-19 19:03:49.407338"], ["description", "Patience Philips seems destined to spend her life apologizing for taking up space. Despite her artistic ability&mdash;she has a more than respectable career as a graphic designer."], ["director", "Jean-Christophe 'Pitof' Comar"], ["duration", "101 min"], ["image_file_name", "catwoman.jpg"], ["rating", "PG-13"], ["released_on", "2004-07-23"], ["title", "Catwoman"], ["total_gross", 40200000.0], ["updated_at", "2016-04-19 19:03:49.407338"]]
  [1m[35m (1.4ms)[0m  commit transaction
  [1m[36m (0.1ms)[0m  [1mbegin transaction[0m
  [1m[35mSQL (0.4ms)[0m  INSERT INTO "movies" ("cast", "created_at", "description", "director", "duration", "image_file_name", "rating", "released_on", "title", "total_gross", "updated_at") VALUES (?, ?, ?, ?, ?, ?, ?, ?, ?, ?, ?)  [["cast", "Bruce Wayne, Gojira"], ["created_at", "2016-04-19 19:03:49.411886"], ["description", "An epic battle between The Caped Crusader and the fire-breathing dinosaur Gojira. Hang on to your popcorn, kids!"], ["director", "Ishiro Honda"], ["duration", "211 min"], ["image_file_name", "batman-vs-godzilla.jpg"], ["rating", "PG-13"], ["released_on", "2016-04-29"], ["title", "Batman vs. Godzilla"], ["total_gross", 387623910.0], ["updated_at", "2016-04-19 19:03:49.411886"]]
  [1m[36m (1.6ms)[0m  [1mcommit transaction[0m
  [1m[36m (1.8ms)[0m  [1mCREATE TABLE "movies" ("id" INTEGER PRIMARY KEY AUTOINCREMENT NOT NULL, "title" varchar(255), "rating" varchar(255), "total_gross" decimal, "created_at" datetime, "updated_at" datetime, "description" text, "released_on" date, "cast" varchar(255), "director" varchar(255), "duration" varchar(255), "image_file_name" varchar(255)) [0m
  [1m[35m (2.3ms)[0m  CREATE TABLE "schema_migrations" ("version" varchar(255) NOT NULL) 
  [1m[36m (0.1ms)[0m  [1mselect sqlite_version(*)[0m
  [1m[35m (1.6ms)[0m  CREATE UNIQUE INDEX "unique_schema_migrations" ON "schema_migrations" ("version")
  [1m[36m (0.1ms)[0m  [1mSELECT version FROM "schema_migrations"[0m
  [1m[35m (1.9ms)[0m  INSERT INTO "schema_migrations" (version) VALUES ('20121210234158')
  [1m[36m (1.9ms)[0m  [1mINSERT INTO "schema_migrations" (version) VALUES ('20121121163535')[0m
  [1m[35m (2.6ms)[0m  INSERT INTO "schema_migrations" (version) VALUES ('20121121180707')


Started GET "/" for 127.0.0.1 at 2016-04-19 12:04:30 -0700
  [1m[36mActiveRecord::SchemaMigration Load (0.6ms)[0m  [1mSELECT "schema_migrations".* FROM "schema_migrations"[0m
Processing by MoviesController#index as HTML
  [1m[35mMovie Load (0.5ms)[0m  SELECT "movies".* FROM "movies"  WHERE (released_on <= '2016-04-19 19:04:30.469783')  ORDER BY released_on desc
  Rendered movies/index.html.erb within layouts/application (110.5ms)
  Rendered layouts/_header.html.erb (0.9ms)
  Rendered layouts/_sidebar.html.erb (0.8ms)
  Rendered layouts/_footer.html.erb (0.5ms)
Completed 200 OK in 2610ms (Views: 2590.2ms | ActiveRecord: 0.8ms)


Started GET "/assets/application.css?body=1" for 127.0.0.1 at 2016-04-19 12:04:33 -0700


Started GET "/assets/layout.css?body=1" for 127.0.0.1 at 2016-04-19 12:04:33 -0700


Started GET "/assets/normalize.css?body=1" for 127.0.0.1 at 2016-04-19 12:04:33 -0700


Started GET "/assets/elements.css?body=1" for 127.0.0.1 at 2016-04-19 12:04:33 -0700


Started GET "/assets/movies.css?body=1" for 127.0.0.1 at 2016-04-19 12:04:33 -0700


Started GET "/assets/buttons.css?body=1" for 127.0.0.1 at 2016-04-19 12:04:33 -0700


Started GET "/assets/forms.css?body=1" for 127.0.0.1 at 2016-04-19 12:04:33 -0700


Started GET "/assets/jquery.js?body=1" for 127.0.0.1 at 2016-04-19 12:04:33 -0700


Started GET "/assets/jquery_ujs.js?body=1" for 127.0.0.1 at 2016-04-19 12:04:33 -0700


Started GET "/assets/turbolinks.js?body=1" for 127.0.0.1 at 2016-04-19 12:04:33 -0700


Started GET "/assets/movies.js?body=1" for 127.0.0.1 at 2016-04-19 12:04:33 -0700


Started GET "/assets/application.js?body=1" for 127.0.0.1 at 2016-04-19 12:04:33 -0700


Started GET "/assets/ironman.jpg" for 127.0.0.1 at 2016-04-19 12:04:33 -0700


Started GET "/assets/catwoman.jpg" for 127.0.0.1 at 2016-04-19 12:04:33 -0700


Started GET "/assets/spiderman.jpg" for 127.0.0.1 at 2016-04-19 12:04:33 -0700


Started GET "/assets/batman.jpg" for 127.0.0.1 at 2016-04-19 12:04:34 -0700


Started GET "/assets/superman.jpg" for 127.0.0.1 at 2016-04-19 12:04:34 -0700


Started GET "/assets/arrow.png" for 127.0.0.1 at 2016-04-19 12:04:34 -0700


Started GET "/assets/logo.png" for 127.0.0.1 at 2016-04-19 12:04:34 -0700


Started GET "/assets/background.jpg" for 127.0.0.1 at 2016-04-19 12:04:34 -0700


Started GET "/assets/add.png" for 127.0.0.1 at 2016-04-19 12:04:34 -0700


Started GET "/" for 127.0.0.1 at 2016-04-19 12:06:13 -0700
Processing by MoviesController#index as HTML
  [1m[36mMovie Load (0.4ms)[0m  [1mSELECT "movies".* FROM "movies"  WHERE (released_on <= '2016-04-19 19:06:13.253983')  ORDER BY released_on desc[0m
  Rendered movies/index.html.erb within layouts/application (6.2ms)
  Rendered layouts/_header.html.erb (0.2ms)
  Rendered layouts/_sidebar.html.erb (0.2ms)
  Rendered layouts/_footer.html.erb (0.6ms)
Completed 200 OK in 140ms (Views: 123.4ms | ActiveRecord: 0.4ms)


Started GET "/assets/application.css?body=1" for 127.0.0.1 at 2016-04-19 12:06:13 -0700


Started GET "/assets/normalize.css?body=1" for 127.0.0.1 at 2016-04-19 12:06:13 -0700


Started GET "/assets/layout.css?body=1" for 127.0.0.1 at 2016-04-19 12:06:13 -0700


Started GET "/assets/movies.css?body=1" for 127.0.0.1 at 2016-04-19 12:06:13 -0700


Started GET "/assets/buttons.css?body=1" for 127.0.0.1 at 2016-04-19 12:06:13 -0700


Started GET "/assets/elements.css?body=1" for 127.0.0.1 at 2016-04-19 12:06:13 -0700


Started GET "/assets/forms.css?body=1" for 127.0.0.1 at 2016-04-19 12:06:13 -0700


Started GET "/assets/jquery.js?body=1" for 127.0.0.1 at 2016-04-19 12:06:13 -0700


Started GET "/assets/movies.js?body=1" for 127.0.0.1 at 2016-04-19 12:06:13 -0700


Started GET "/assets/application.js?body=1" for 127.0.0.1 at 2016-04-19 12:06:13 -0700


Started GET "/assets/application.css?body=1" for 127.0.0.1 at 2016-04-19 12:06:13 -0700


Started GET "/assets/turbolinks.js?body=1" for 127.0.0.1 at 2016-04-19 12:06:13 -0700


Started GET "/assets/jquery_ujs.js?body=1" for 127.0.0.1 at 2016-04-19 12:06:13 -0700


Started GET "/assets/ironman.jpg" for 127.0.0.1 at 2016-04-19 12:06:13 -0700


Started GET "/assets/catwoman.jpg" for 127.0.0.1 at 2016-04-19 12:06:13 -0700


Started GET "/assets/superman.jpg" for 127.0.0.1 at 2016-04-19 12:06:14 -0700


Started GET "/assets/batman.jpg" for 127.0.0.1 at 2016-04-19 12:06:14 -0700


Started GET "/assets/spiderman.jpg" for 127.0.0.1 at 2016-04-19 12:06:14 -0700


Started GET "/assets/logo.png" for 127.0.0.1 at 2016-04-19 12:06:14 -0700


Started GET "/assets/arrow.png" for 127.0.0.1 at 2016-04-19 12:06:14 -0700


Started GET "/assets/add.png" for 127.0.0.1 at 2016-04-19 12:06:14 -0700


Started GET "/assets/background.jpg" for 127.0.0.1 at 2016-04-19 12:06:14 -0700


Started GET "/movies/1" for 127.0.0.1 at 2016-04-19 12:06:21 -0700
Processing by MoviesController#show as HTML
  Parameters: {"id"=>"1"}
  [1m[35mMovie Load (0.3ms)[0m  SELECT  "movies".* FROM "movies"  WHERE "movies"."id" = ? LIMIT 1  [["id", 1]]
  Rendered movies/show.html.erb within layouts/application (3.1ms)
  Rendered layouts/_header.html.erb (0.9ms)
  Rendered layouts/_sidebar.html.erb (1.2ms)
  Rendered layouts/_footer.html.erb (0.6ms)
Completed 200 OK in 104ms (Views: 100.4ms | ActiveRecord: 0.3ms)


Started GET "/movies/1/edit" for 127.0.0.1 at 2016-04-19 12:06:27 -0700
Processing by MoviesController#edit as HTML
  Parameters: {"id"=>"1"}
  [1m[36mMovie Load (0.2ms)[0m  [1mSELECT  "movies".* FROM "movies"  WHERE "movies"."id" = ? LIMIT 1[0m  [["id", 1]]
  Rendered movies/_form.html.erb (65.0ms)
  Rendered movies/edit.html.erb within layouts/application (67.9ms)
  Rendered layouts/_header.html.erb (0.2ms)
  Rendered layouts/_sidebar.html.erb (0.2ms)
  Rendered layouts/_footer.html.erb (59.3ms)
Completed 200 OK in 269ms (Views: 266.8ms | ActiveRecord: 0.2ms)


Started GET "/movies" for 127.0.0.1 at 2016-04-19 12:06:34 -0700
Processing by MoviesController#index as HTML
  [1m[35mMovie Load (0.3ms)[0m  SELECT "movies".* FROM "movies"  WHERE (released_on <= '2016-04-19 19:06:34.169046')  ORDER BY released_on desc
  Rendered movies/index.html.erb within layouts/application (6.6ms)
  Rendered layouts/_header.html.erb (0.2ms)
  Rendered layouts/_sidebar.html.erb (0.2ms)
  Rendered layouts/_footer.html.erb (0.1ms)
Completed 200 OK in 88ms (Views: 86.1ms | ActiveRecord: 0.3ms)


Started GET "/movies/4" for 127.0.0.1 at 2016-04-19 12:06:37 -0700
Processing by MoviesController#show as HTML
  Parameters: {"id"=>"4"}
  [1m[36mMovie Load (0.2ms)[0m  [1mSELECT  "movies".* FROM "movies"  WHERE "movies"."id" = ? LIMIT 1[0m  [["id", 4]]
  Rendered movies/show.html.erb within layouts/application (1.3ms)
  Rendered layouts/_header.html.erb (0.2ms)
  Rendered layouts/_sidebar.html.erb (0.2ms)
  Rendered layouts/_footer.html.erb (0.1ms)
Completed 200 OK in 119ms (Views: 116.9ms | ActiveRecord: 0.2ms)


Started GET "/" for 127.0.0.1 at 2016-04-19 12:06:46 -0700
Processing by MoviesController#index as HTML
  [1m[35mMovie Load (0.3ms)[0m  SELECT "movies".* FROM "movies"  WHERE (released_on <= '2016-04-19 19:06:46.185244')  ORDER BY released_on desc
  Rendered movies/index.html.erb within layouts/application (4.8ms)
  Rendered layouts/_header.html.erb (0.2ms)
  Rendered layouts/_sidebar.html.erb (0.2ms)
  Rendered layouts/_footer.html.erb (0.1ms)
Completed 200 OK in 148ms (Views: 146.3ms | ActiveRecord: 0.3ms)


Started GET "/" for 127.0.0.1 at 2016-04-19 13:45:56 -0700
  [1m[36mActiveRecord::SchemaMigration Load (20.6ms)[0m  [1mSELECT "schema_migrations".* FROM "schema_migrations"[0m
Processing by MoviesController#index as HTML
Completed 500 Internal Server Error in 25ms

SyntaxError (/Users/jarvis/Learning/rails_studio/flix/app/models/movie.rb:3: syntax error, unexpected ':', expecting keyword_end
  validates :title, :released_on, :duration, :presence: true
                                                       ^):
  app/models/movie.rb:3: syntax error, unexpected ':', expecting keyword_end
  app/controllers/movies_controller.rb:3:in `index'


  Rendered /Users/jarvis/.rvm/gems/ruby-2.0.0-p643/gems/actionpack-4.1.9/lib/action_dispatch/middleware/templates/rescues/_source.erb (1.0ms)
  Rendered /Users/jarvis/.rvm/gems/ruby-2.0.0-p643/gems/actionpack-4.1.9/lib/action_dispatch/middleware/templates/rescues/_trace.html.erb (1.7ms)
  Rendered /Users/jarvis/.rvm/gems/ruby-2.0.0-p643/gems/actionpack-4.1.9/lib/action_dispatch/middleware/templates/rescues/_request_and_response.html.erb (1.2ms)
  Rendered /Users/jarvis/.rvm/gems/ruby-2.0.0-p643/gems/actionpack-4.1.9/lib/action_dispatch/middleware/templates/rescues/diagnostics.erb within rescues/layout (37.9ms)


Started GET "/" for 127.0.0.1 at 2016-04-19 13:46:25 -0700
Processing by MoviesController#index as HTML
  [1m[35mMovie Load (13.7ms)[0m  SELECT "movies".* FROM "movies"  WHERE (released_on <= '2016-04-19 20:46:25.748970')  ORDER BY released_on desc
  Rendered movies/index.html.erb within layouts/application (133.1ms)
  Rendered layouts/_header.html.erb (1.4ms)
  Rendered layouts/_sidebar.html.erb (1.1ms)
  Rendered layouts/_footer.html.erb (0.8ms)
Completed 200 OK in 549ms (Views: 509.9ms | ActiveRecord: 14.1ms)


Started GET "/assets/application.css?body=1" for 127.0.0.1 at 2016-04-19 13:46:26 -0700


Started GET "/assets/normalize.css?body=1" for 127.0.0.1 at 2016-04-19 13:46:26 -0700


Started GET "/assets/layout.css?body=1" for 127.0.0.1 at 2016-04-19 13:46:26 -0700


Started GET "/assets/elements.css?body=1" for 127.0.0.1 at 2016-04-19 13:46:26 -0700


Started GET "/assets/movies.css?body=1" for 127.0.0.1 at 2016-04-19 13:46:26 -0700


Started GET "/assets/jquery.js?body=1" for 127.0.0.1 at 2016-04-19 13:46:26 -0700


Started GET "/assets/application.js?body=1" for 127.0.0.1 at 2016-04-19 13:46:26 -0700


Started GET "/assets/buttons.css?body=1" for 127.0.0.1 at 2016-04-19 13:46:26 -0700


Started GET "/assets/forms.css?body=1" for 127.0.0.1 at 2016-04-19 13:46:26 -0700


Started GET "/assets/turbolinks.js?body=1" for 127.0.0.1 at 2016-04-19 13:46:26 -0700


Started GET "/assets/movies.js?body=1" for 127.0.0.1 at 2016-04-19 13:46:26 -0700


Started GET "/assets/jquery_ujs.js?body=1" for 127.0.0.1 at 2016-04-19 13:46:26 -0700


Started GET "/assets/ironman.jpg" for 127.0.0.1 at 2016-04-19 13:46:27 -0700


Started GET "/assets/batman.jpg" for 127.0.0.1 at 2016-04-19 13:46:27 -0700


Started GET "/assets/catwoman.jpg" for 127.0.0.1 at 2016-04-19 13:46:27 -0700


Started GET "/assets/spiderman.jpg" for 127.0.0.1 at 2016-04-19 13:46:27 -0700


Started GET "/assets/superman.jpg" for 127.0.0.1 at 2016-04-19 13:46:27 -0700


Started GET "/assets/arrow.png" for 127.0.0.1 at 2016-04-19 13:46:27 -0700


Started GET "/assets/logo.png" for 127.0.0.1 at 2016-04-19 13:46:27 -0700


Started GET "/assets/add.png" for 127.0.0.1 at 2016-04-19 13:46:27 -0700


Started GET "/assets/background.jpg" for 127.0.0.1 at 2016-04-19 13:46:27 -0700


Started GET "/movies/1" for 127.0.0.1 at 2016-04-19 13:46:29 -0700
Processing by MoviesController#show as HTML
  Parameters: {"id"=>"1"}
  [1m[36mMovie Load (0.3ms)[0m  [1mSELECT  "movies".* FROM "movies"  WHERE "movies"."id" = ? LIMIT 1[0m  [["id", 1]]
  Rendered movies/show.html.erb within layouts/application (2.6ms)
  Rendered layouts/_header.html.erb (0.7ms)
  Rendered layouts/_sidebar.html.erb (1.1ms)
  Rendered layouts/_footer.html.erb (0.7ms)
Completed 200 OK in 149ms (Views: 145.3ms | ActiveRecord: 0.3ms)


Started GET "/movies/1/edit" for 127.0.0.1 at 2016-04-19 13:46:32 -0700
Processing by MoviesController#edit as HTML
  Parameters: {"id"=>"1"}
  [1m[35mMovie Load (0.2ms)[0m  SELECT  "movies".* FROM "movies"  WHERE "movies"."id" = ? LIMIT 1  [["id", 1]]
  Rendered movies/_form.html.erb (88.6ms)
  Rendered movies/edit.html.erb within layouts/application (90.7ms)
  Rendered layouts/_header.html.erb (0.2ms)
  Rendered layouts/_sidebar.html.erb (0.3ms)
  Rendered layouts/_footer.html.erb (0.1ms)
Completed 200 OK in 184ms (Views: 182.2ms | ActiveRecord: 0.2ms)


Started GET "/movies" for 127.0.0.1 at 2016-04-19 13:46:46 -0700
Processing by MoviesController#index as HTML
  [1m[36mMovie Load (0.3ms)[0m  [1mSELECT "movies".* FROM "movies"  WHERE (released_on <= '2016-04-19 20:46:46.439813')  ORDER BY released_on desc[0m
  Rendered movies/index.html.erb within layouts/application (6.7ms)
  Rendered layouts/_header.html.erb (0.2ms)
  Rendered layouts/_sidebar.html.erb (0.2ms)
  Rendered layouts/_footer.html.erb (0.1ms)
Completed 200 OK in 189ms (Views: 187.0ms | ActiveRecord: 0.3ms)


Started GET "/movies/1" for 127.0.0.1 at 2016-04-20 08:41:07 -0700
Processing by MoviesController#show as HTML
  Parameters: {"id"=>"1"}
  [1m[35mMovie Load (16.8ms)[0m  SELECT  "movies".* FROM "movies"  WHERE "movies"."id" = ? LIMIT 1  [["id", 1]]
  Rendered movies/show.html.erb within layouts/application (31.7ms)
  Rendered layouts/_header.html.erb (1.1ms)
  Rendered layouts/_sidebar.html.erb (0.4ms)
  Rendered layouts/_footer.html.erb (0.3ms)
Completed 200 OK in 249ms (Views: 215.8ms | ActiveRecord: 16.8ms)


Started GET "/" for 127.0.0.1 at 2016-04-20 08:41:11 -0700
Processing by MoviesController#index as HTML
  [1m[36mMovie Load (0.5ms)[0m  [1mSELECT "movies".* FROM "movies"  WHERE (released_on <= '2016-04-20 15:41:11.836888')  ORDER BY released_on desc[0m
  Rendered movies/index.html.erb within layouts/application (7.1ms)
  Rendered layouts/_header.html.erb (0.2ms)
  Rendered layouts/_sidebar.html.erb (0.2ms)
  Rendered layouts/_footer.html.erb (0.1ms)
Completed 200 OK in 282ms (Views: 279.0ms | ActiveRecord: 0.5ms)


Started GET "/" for 127.0.0.1 at 2016-04-20 16:11:11 -0700
  [1m[36mActiveRecord::SchemaMigration Load (19.6ms)[0m  [1mSELECT "schema_migrations".* FROM "schema_migrations"[0m
Processing by MoviesController#index as HTML
  [1m[35mMovie Load (21.0ms)[0m  SELECT "movies".* FROM "movies"  WHERE (released_on <= '2016-04-20 23:11:12.089062')  ORDER BY released_on desc
  Rendered movies/index.html.erb within layouts/application (184.0ms)
  Rendered layouts/_header.html.erb (1.3ms)
  Rendered layouts/_sidebar.html.erb (1.6ms)
  Rendered layouts/_footer.html.erb (1.4ms)
Completed 200 OK in 737ms (Views: 647.0ms | ActiveRecord: 21.4ms)


Started GET "/assets/application.css?body=1" for 127.0.0.1 at 2016-04-20 16:11:13 -0700


Started GET "/assets/movies.css?body=1" for 127.0.0.1 at 2016-04-20 16:11:13 -0700


Started GET "/assets/normalize.css?body=1" for 127.0.0.1 at 2016-04-20 16:11:13 -0700


Started GET "/assets/jquery_ujs.js?body=1" for 127.0.0.1 at 2016-04-20 16:11:13 -0700


Started GET "/assets/jquery.js?body=1" for 127.0.0.1 at 2016-04-20 16:11:13 -0700


Started GET "/assets/turbolinks.js?body=1" for 127.0.0.1 at 2016-04-20 16:11:13 -0700


Started GET "/assets/ironman.jpg" for 127.0.0.1 at 2016-04-20 16:11:13 -0700


Started GET "/assets/movies.js?body=1" for 127.0.0.1 at 2016-04-20 16:11:13 -0700


Started GET "/assets/application.js?body=1" for 127.0.0.1 at 2016-04-20 16:11:13 -0700


Started GET "/assets/catwoman.jpg" for 127.0.0.1 at 2016-04-20 16:11:13 -0700


Started GET "/assets/superman.jpg" for 127.0.0.1 at 2016-04-20 16:11:13 -0700


Started GET "/assets/spiderman.jpg" for 127.0.0.1 at 2016-04-20 16:11:13 -0700


Started GET "/assets/batman.jpg" for 127.0.0.1 at 2016-04-20 16:11:13 -0700


Started GET "/movies/new" for 127.0.0.1 at 2016-04-20 16:11:33 -0700
Processing by MoviesController#new as HTML
  Rendered movies/_form.html.erb (116.7ms)
  Rendered movies/new.html.erb within layouts/application (133.6ms)
  Rendered layouts/_header.html.erb (0.8ms)
  Rendered layouts/_sidebar.html.erb (0.9ms)
  Rendered layouts/_footer.html.erb (0.9ms)
Completed 200 OK in 230ms (Views: 228.5ms | ActiveRecord: 0.0ms)


Started POST "/movies" for 127.0.0.1 at 2016-04-20 16:11:39 -0700
Processing by MoviesController#create as HTML
  Parameters: {"utf8"=>"✓", "authenticity_token"=>"zWcdNwO0+i0ZomyD6RrI2PtM/idbmU/0t1BVpBW89OU=", "movie"=>{"title"=>"Jungle Book", "description"=>"", "rating"=>"", "released_on(1i)"=>"2016", "released_on(2i)"=>"4", "released_on(3i)"=>"20", "total_gross"=>"", "duration"=>"", "image_file_name"=>"", "cast"=>"", "director"=>""}, "commit"=>"Create Movie"}
  [1m[36m (0.1ms)[0m  [1mbegin transaction[0m
  [1m[35m (0.1ms)[0m  rollback transaction
  Rendered movies/_form.html.erb (9.3ms)
  Rendered movies/new.html.erb within layouts/application (10.8ms)
  Rendered layouts/_header.html.erb (0.2ms)
  Rendered layouts/_sidebar.html.erb (0.2ms)
  Rendered layouts/_footer.html.erb (0.1ms)
Completed 200 OK in 100ms (Views: 93.6ms | ActiveRecord: 0.2ms)


Started GET "/assets/normalize.css?body=1" for 127.0.0.1 at 2016-04-20 16:11:40 -0700


Started GET "/assets/jquery_ujs.js?body=1" for 127.0.0.1 at 2016-04-20 16:11:40 -0700


Started GET "/assets/jquery.js?body=1" for 127.0.0.1 at 2016-04-20 16:11:40 -0700


Started GET "/assets/movies.css?body=1" for 127.0.0.1 at 2016-04-20 16:11:40 -0700


Started GET "/assets/turbolinks.js?body=1" for 127.0.0.1 at 2016-04-20 16:11:40 -0700


Started GET "/assets/movies.js?body=1" for 127.0.0.1 at 2016-04-20 16:11:40 -0700


Started POST "/movies" for 127.0.0.1 at 2016-04-20 16:23:12 -0700
Processing by MoviesController#create as HTML
  Parameters: {"utf8"=>"✓", "authenticity_token"=>"zWcdNwO0+i0ZomyD6RrI2PtM/idbmU/0t1BVpBW89OU=", "movie"=>{"title"=>"Jungle Book", "description"=>"", "rating"=>"", "released_on(1i)"=>"2016", "released_on(2i)"=>"4", "released_on(3i)"=>"20", "total_gross"=>"", "duration"=>"", "image_file_name"=>"", "cast"=>"", "director"=>""}, "commit"=>"Create Movie"}
  [1m[36m (0.1ms)[0m  [1mbegin transaction[0m
  [1m[35m (0.1ms)[0m  rollback transaction
  Rendered shared/_errors.html.erb (3.9ms)
  Rendered movies/_form.html.erb (15.7ms)
  Rendered movies/new.html.erb within layouts/application (16.7ms)
  Rendered layouts/_header.html.erb (0.4ms)
  Rendered layouts/_sidebar.html.erb (0.3ms)
  Rendered layouts/_footer.html.erb (0.1ms)
Completed 200 OK in 225ms (Views: 212.9ms | ActiveRecord: 0.2ms)


Started GET "/assets/normalize.css?body=1" for 127.0.0.1 at 2016-04-20 16:23:13 -0700


Started GET "/assets/jquery.js?body=1" for 127.0.0.1 at 2016-04-20 16:23:13 -0700


Started GET "/assets/jquery_ujs.js?body=1" for 127.0.0.1 at 2016-04-20 16:23:13 -0700


Started GET "/assets/turbolinks.js?body=1" for 127.0.0.1 at 2016-04-20 16:23:13 -0700


Started GET "/assets/movies.css?body=1" for 127.0.0.1 at 2016-04-20 16:23:13 -0700


Started GET "/assets/movies.js?body=1" for 127.0.0.1 at 2016-04-20 16:23:13 -0700


Started GET "/movies" for 127.0.0.1 at 2016-04-20 16:24:29 -0700
Processing by MoviesController#index as HTML
  [1m[36mMovie Load (16.5ms)[0m  [1mSELECT "movies".* FROM "movies"  WHERE (released_on <= '2016-04-20 23:24:29.353765')  ORDER BY released_on desc[0m
  Rendered movies/index.html.erb within layouts/application (36.5ms)
  Rendered layouts/_header.html.erb (0.2ms)
  Rendered layouts/_sidebar.html.erb (0.3ms)
  Rendered layouts/_footer.html.erb (0.1ms)
Completed 200 OK in 132ms (Views: 102.1ms | ActiveRecord: 17.0ms)


Started GET "/assets/normalize.css?body=1" for 127.0.0.1 at 2016-04-20 16:24:29 -0700


Started GET "/assets/movies.css?body=1" for 127.0.0.1 at 2016-04-20 16:24:29 -0700


Started GET "/assets/turbolinks.js?body=1" for 127.0.0.1 at 2016-04-20 16:24:29 -0700


Started GET "/assets/movies.js?body=1" for 127.0.0.1 at 2016-04-20 16:24:29 -0700


Started GET "/assets/jquery.js?body=1" for 127.0.0.1 at 2016-04-20 16:24:29 -0700


Started GET "/assets/jquery_ujs.js?body=1" for 127.0.0.1 at 2016-04-20 16:24:29 -0700


Started GET "/assets/catwoman.jpg" for 127.0.0.1 at 2016-04-20 16:24:29 -0700


Started GET "/assets/spiderman.jpg" for 127.0.0.1 at 2016-04-20 16:24:30 -0700


Started GET "/assets/ironman.jpg" for 127.0.0.1 at 2016-04-20 16:24:30 -0700


Started GET "/assets/superman.jpg" for 127.0.0.1 at 2016-04-20 16:24:30 -0700


Started GET "/assets/batman.jpg" for 127.0.0.1 at 2016-04-20 16:24:30 -0700


Started GET "/movies/2" for 127.0.0.1 at 2016-04-20 16:24:33 -0700
Processing by MoviesController#show as HTML
  Parameters: {"id"=>"2"}
  [1m[35mMovie Load (0.3ms)[0m  SELECT  "movies".* FROM "movies"  WHERE "movies"."id" = ? LIMIT 1  [["id", 2]]
  Rendered movies/show.html.erb within layouts/application (26.5ms)
  Rendered layouts/_header.html.erb (0.3ms)
  Rendered layouts/_sidebar.html.erb (0.2ms)
  Rendered layouts/_footer.html.erb (0.1ms)
Completed 200 OK in 231ms (Views: 227.5ms | ActiveRecord: 0.3ms)


Started GET "/movies/2/edit" for 127.0.0.1 at 2016-04-20 16:24:36 -0700
Processing by MoviesController#edit as HTML
  Parameters: {"id"=>"2"}
  [1m[36mMovie Load (0.2ms)[0m  [1mSELECT  "movies".* FROM "movies"  WHERE "movies"."id" = ? LIMIT 1[0m  [["id", 2]]
  Rendered shared/_errors.html.erb (0.7ms)
  Rendered movies/_form.html.erb (10.9ms)
  Rendered movies/edit.html.erb within layouts/application (12.5ms)
  Rendered layouts/_header.html.erb (0.2ms)
  Rendered layouts/_sidebar.html.erb (0.2ms)
  Rendered layouts/_footer.html.erb (0.1ms)
Completed 200 OK in 91ms (Views: 89.1ms | ActiveRecord: 0.2ms)


Started GET "/movies" for 127.0.0.1 at 2016-04-20 16:24:46 -0700
Processing by MoviesController#index as HTML
  [1m[35mMovie Load (0.3ms)[0m  SELECT "movies".* FROM "movies"  WHERE (released_on <= '2016-04-20 23:24:46.538207')  ORDER BY released_on desc
  Rendered movies/index.html.erb within layouts/application (6.5ms)
  Rendered layouts/_header.html.erb (0.3ms)
  Rendered layouts/_sidebar.html.erb (0.3ms)
  Rendered layouts/_footer.html.erb (0.1ms)
Completed 200 OK in 198ms (Views: 195.6ms | ActiveRecord: 0.3ms)
